    ======  ======
    Time:09-03-2018 02:18:12
    Title: Initiate log
    Message: 
    Time:09-03-2018 02:18:12
    Title: Initiate InternalManager
    Message: Trying to Validate License
    Time:09-03-2018 02:18:12
    Title: Requesting EVT
    Message: EVTP
    Time:09-03-2018 02:18:12
    Title: Requesting Validation
    Message: ILMValidate
    Time:09-03-2018 02:18:12
    Title: LICENSER
    Message: FNF
    Time:09-03-2018 02:18:13
    Title: Access to the path 'C:\ProgramData\Telerik\Hash.lic' is denied.
    Message:    at System.IO.__Error.WinIOError(Int32 errorCode, String maybeFullPath)
   at System.IO.FileStream.Init(String path, FileMode mode, FileAccess access, Int32 rights, Boolean useRights, FileShare share, Int32 bufferSize, FileOptions options, SECURITY_ATTRIBUTES secAttrs, String msgPath, Boolean bFromProxy, Boolean useLongPath, Boolean checkHost)
   at System.IO.FileStream..ctor(String path, FileMode mode, FileAccess access, FileShare share)
   at Telerik.Licensing.Licenser.ReadHashPass()
    Time:09-03-2018 02:18:13
    Title: Access to the path 'C:\ProgramData\Telerik\Hash.lic' is denied.
    Message:    at System.IO.__Error.WinIOError(Int32 errorCode, String maybeFullPath)
   at System.IO.FileStream.Init(String path, FileMode mode, FileAccess access, Int32 rights, Boolean useRights, FileShare share, Int32 bufferSize, FileOptions options, SECURITY_ATTRIBUTES secAttrs, String msgPath, Boolean bFromProxy, Boolean useLongPath, Boolean checkHost)
   at System.IO.FileStream..ctor(String path, FileMode mode, FileAccess access, FileShare share)
   at Telerik.Licensing.Licenser.ReadHashPass()
    Entering constructor for: Telerik.CommonPackage.Telerik_CommonPackagePackage
    Entering Initialize() of: Telerik.CommonPackage.Telerik_CommonPackagePackage
    devenv.exe Information: 0 : 09-03-2018 08:48:30:  - TokenCache: Deserialized 2 items to token cache.
    devenv.exe Information: 0 : 09-03-2018 08:48:30:  - TokenCache: Deserialized 2 items to token cache.
    devenv.exe Information: 0 : 09-03-2018 07:33:20:  - TokenCache: Deserialized 2 items to token cache.
c307827a1' is running...
    devenv.exe Information: 0 : 09-03-2018 05:19:41: ae6fecf1-533f-4508-a16c-67518daa3b78 - AcquireTokenHandlerBase: === Token Acquisition started:
	Authority: https://login.microsoftonline.com/f8cdef31-a31e-4b4a-93e4-5f571e91255a/
	Resource: https://management.core.windows.net/
	ClientId: 872cd9fa-d31f-45e0-9eab-6e460a02d1f1
	CacheType: Microsoft.VisualStudio.Services.Client.AccountManagement.AccountManagerAdalCache (2 items)
	Authentication Target: User
	
    devenv.exe Information: 0 : 09-03-2018 05:19:41: ae6fecf1-533f-4508-a16c-67518daa3b78 - TokenCache: Looking up cache for a token...
    devenv.exe Information: 0 : 09-03-2018 05:19:41: ae6fecf1-533f-4508-a16c-67518daa3b78 - TokenCache: An item matching the requested resource was found in the cache
    devenv.exe Information: 0 : 09-03-2018 05:19:41: ae6fecf1-533f-4508-a16c-67518daa3b78 - TokenCache: An expired or near expiry token was found in the cache
    devenv.exe Information: 0 : 09-03-2018 05:19:41: ae6fecf1-533f-4508-a16c-67518daa3b78 - TokenCache: A matching item (access token or refresh token or both) was found in the cache
    devenv.exe Information: 0 : 09-03-2018 05:19:41: ae6fecf1-533f-4508-a16c-67518daa3b78 - <RefreshAccessTokenAsync>d__11: Refreshing access token...
    devenv.exe Information: 0 : 09-03-2018 05:19:42: ae6fecf1-533f-4508-a16c-67518daa3b78 - AcquireTokenSilentHandler: No token matching arguments found in the cache
    devenv.exe Error: 0 : 09-03-2018 05:19:42: ae6fecf1-533f-4508-a16c-67518daa3b78 - <RunAsync>d__0: Microsoft.IdentityModel.Clients.ActiveDirectory.AdalSilentTokenAcquisitionException: Failed to acquire token silently. Call method AcquireToken
   at Microsoft.IdentityModel.Clients.ActiveDirectory.AcquireTokenSilentHandler.SendTokenRequestAsync()
   at Microsoft.IdentityModel.Clients.ActiveDirectory.AcquireTokenHandlerBase.<RunAsync>d__0.MoveNext()
	ErrorCode: failed_to_acquire_token_silently
    devenv.exe Information: 0 : 09-03-2018 05:19:42: a61080c7-3a61-4966-b1e4-c9e233b91977 - AcquireTokenHandlerBase: === Token Acquisition started:
	Authority: https://login.microsoftonline.com/f8cdef31-a31e-4b4a-93e4-5f571e91255a/
	Resource: https://management.core.windows.net/
	ClientId: 872cd9fa-d31f-45e0-9eab-6e460a02d1f1
	CacheType: Microsoft.VisualStudio.Services.Client.AccountManagement.AccountManagerAdalCache (2 items)
	Authentication Target: User
	
    devenv.exe Information: 0 : 09-03-2018 05:19:42: a61080c7-3a61-4966-b1e4-c9e233b91977 - TokenCache: Looking up cache for a token...
    devenv.exe Information: 0 : 09-03-2018 05:19:42: a61080c7-3a61-4966-b1e4-c9e233b91977 - TokenCache: An item matching the requested resource was found in the cache
    devenv.exe Information: 0 : 09-03-2018 05:19:42: a61080c7-3a61-4966-b1e4-c9e233b91977 - TokenCache: An expired or near expiry token was found in the cache
    devenv.exe Information: 0 : 09-03-2018 05:19:42: a61080c7-3a61-4966-b1e4-c9e233b91977 - TokenCache: A matching item (access token or refresh token or both) was found in the cache
    devenv.exe Information: 0 : 09-03-2018 05:19:42: a61080c7-3a61-4966-b1e4-c9e233b91977 - <RefreshAccessTokenAsync>d__11: Refreshing access token...
    devenv.exe Information: 0 : 09-03-2018 05:19:42: a61080c7-3a61-4966-b1e4-c9e233b91977 - AcquireTokenSilentHandler: No token matching arguments found in the cache
    devenv.exe Error: 0 : 09-03-2018 05:19:42: a61080c7-3a61-4966-b1e4-c9e233b91977 - <RunAsync>d__0: Microsoft.IdentityModel.Clients.ActiveDirectory.AdalSilentTokenAcquisitionException: Failed to acquire token silently. Call method AcquireToken
   at Microsoft.IdentityModel.Clients.ActiveDirectory.AcquireTokenSilentHandler.SendTokenRequestAsync()
   at Microsoft.IdentityModel.Clients.ActiveDirectory.AcquireTokenHandlerBase.<RunAsync>d__0.MoveNext()
	ErrorCode: failed_to_acquire_token_silently
    devenv.exe Information: 0 : 09-03-2018 05:19:42: efa9d23b-ce96-4cc1-90cf-0e248b1c4df2 - AcquireTokenHandlerBase: === Token Acquisition started:
	Authority: https://login.microsoftonline.com/f8cdef31-a31e-4b4a-93e4-5f571e91255a/
	Resource: https://management.core.windows.net/
	ClientId: 872cd9fa-d31f-45e0-9eab-6e460a02d1f1
	CacheType: Microsoft.VisualStudio.Services.Client.AccountManagement.AccountManagerAdalCache (2 items)
	Authentication Target: User
	
    devenv.exe Information: 0 : 09-03-2018 05:19:42: efa9d23b-ce96-4cc1-90cf-0e248b1c4df2 - TokenCache: Looking up cache for a token...
    devenv.exe Information: 0 : 09-03-2018 05:19:42: efa9d23b-ce96-4cc1-90cf-0e248b1c4df2 - TokenCache: An item matching the requested resource was found in the cache
    devenv.exe Information: 0 : 09-03-2018 05:19:42: efa9d23b-ce96-4cc1-90cf-0e248b1c4df2 - TokenCache: An expired or near expiry token was found in the cache
    devenv.exe Information: 0 : 09-03-2018 05:19:42: efa9d23b-ce96-4cc1-90cf-0e248b1c4df2 - TokenCache: A matching item (access token or refresh token or both) was found in the cache
    devenv.exe Information: 0 : 09-03-2018 05:19:42: efa9d23b-ce96-4cc1-90cf-0e248b1c4df2 - <RefreshAccessTokenAsync>d__11: Refreshing access token...
    devenv.exe Information: 0 : 09-03-2018 05:19:42: efa9d23b-ce96-4cc1-90cf-0e248b1c4df2 - AcquireTokenSilentHandler: No token matching arguments found in the cache
    devenv.exe Error: 0 : 09-03-2018 05:19:42: efa9d23b-ce96-4cc1-90cf-0e248b1c4df2 - <RunAsync>d__0: Microsoft.IdentityModel.Clients.ActiveDirectory.AdalSilentTokenAcquisitionException: Failed to acquire token silently. Call method AcquireToken
   at Microsoft.IdentityModel.Clients.ActiveDirectory.AcquireTokenSilentHandler.SendTokenRequestAsync()
   at Microsoft.IdentityModel.Clients.ActiveDirectory.AcquireTokenHandlerBase.<RunAsync>d__0.MoveNext()
	ErrorCode: failed_to_acquire_token_silently
    devenv.exe Information: 0 : 09-03-2018 05:19:42: ced6efd6-3b9b-4668-8d1f-fc664bfb79d5 - AcquireTokenHandlerBase: === Token Acquisition started:
	Authority: https://login.microsoftonline.com/f8cdef31-a31e-4b4a-93e4-5f571e91255a/
	Resource: https://management.core.windows.net/
	ClientId: 872cd9fa-d31f-45e0-9eab-6e460a02d1f1
	CacheType: Microsoft.VisualStudio.Services.Client.AccountManagement.AccountManagerAdalCache (2 items)
	Authentication Target: User
	
    devenv.exe Information: 0 : 09-03-2018 05:19:42: ced6efd6-3b9b-4668-8d1f-fc664bfb79d5 - TokenCache: Looking up cache for a token...
    devenv.exe Information: 0 : 09-03-2018 05:19:42: ced6efd6-3b9b-4668-8d1f-fc664bfb79d5 - TokenCache: An item matching the requested resource was found in the cache
    devenv.exe Information: 0 : 09-03-2018 05:19:42: ced6efd6-3b9b-4668-8d1f-fc664bfb79d5 - TokenCache: An expired or near expiry token was found in the cache
    devenv.exe Information: 0 : 09-03-2018 05:19:42: ced6efd6-3b9b-4668-8d1f-fc664bfb79d5 - TokenCache: A matching item (access token or refresh token or both) was found in the cache
    devenv.exe Information: 0 : 09-03-2018 05:19:42: ced6efd6-3b9b-4668-8d1f-fc664bfb79d5 - <RefreshAccessTokenAsync>d__11: Refreshing access token...
    devenv.exe Information: 0 : 09-03-2018 05:19:42: ced6efd6-3b9b-4668-8d1f-fc664bfb79d5 - AcquireTokenSilentHandler: No token matching arguments found in the cache
    devenv.exe Error: 0 : 09-03-2018 05:19:42: ced6efd6-3b9b-4668-8d1f-fc664bfb79d5 - <RunAsync>d__0: Microsoft.IdentityModel.Clients.ActiveDirectory.AdalSilentTokenAcquisitionException: Failed to acquire token silently. Call method AcquireToken
   at Microsoft.IdentityModel.Clients.ActiveDirectory.AcquireTokenSilentHandler.SendTokenRequestAsync()
   at Microsoft.IdentityModel.Clients.ActiveDirectory.AcquireTokenHandlerBase.<RunAsync>d__0.MoveNext()
	ErrorCode: failed_to_acquire_token_silently
    devenv.exe Information: 0 : 09-03-2018 05:19:42: e1ac688b-4fa5-4204-8d68-f2d771207e11 - AcquireTokenHandlerBase: === Token Acquisition started:
	Authority: https://login.microsoftonline.com/f8cdef31-a31e-4b4a-93e4-5f571e91255a/
	Resource: https://management.core.windows.net/
	ClientId: 872cd9fa-d31f-45e0-9eab-6e460a02d1f1
	CacheType: Microsoft.VisualStudio.Services.Client.AccountManagement.AccountManagerAdalCache (2 items)
	Authentication Target: User
	
    devenv.exe Information: 0 : 09-03-2018 05:19:42: e1ac688b-4fa5-4204-8d68-f2d771207e11 - TokenCache: Looking up cache for a token...
    devenv.exe Information: 0 : 09-03-2018 05:19:42: e1ac688b-4fa5-4204-8d68-f2d771207e11 - TokenCache: An item matching the requested resource was found in the cache
    devenv.exe Information: 0 : 09-03-2018 05:19:42: e1ac688b-4fa5-4204-8d68-f2d771207e11 - TokenCache: An expired or near expiry token was found in the cache
    devenv.exe Information: 0 : 09-03-2018 05:19:42: e1ac688b-4fa5-4204-8d68-f2d771207e11 - TokenCache: A matching item (access token or refresh token or both) was found in the cache
    devenv.exe Information: 0 : 09-03-2018 05:19:42: e1ac688b-4fa5-4204-8d68-f2d771207e11 - <RefreshAccessTokenAsync>d__11: Refreshing access token...
    devenv.exe Information: 0 : 09-03-2018 05:19:43: e1ac688b-4fa5-4204-8d68-f2d771207e11 - AcquireTokenSilentHandler: No token matching arguments found in the cache
    devenv.exe Error: 0 : 09-03-2018 05:19:43: e1ac688b-4fa5-4204-8d68-f2d771207e11 - <RunAsync>d__0: Microsoft.IdentityModel.Clients.ActiveDirectory.AdalSilentTokenAcquisitionException: Failed to acquire token silently. Call method AcquireToken
   at Microsoft.IdentityModel.Clients.ActiveDirectory.AcquireTokenSilentHandler.SendTokenRequestAsync()
   at Microsoft.IdentityModel.Clients.ActiveDirectory.AcquireTokenHandlerBase.<RunAsync>d__0.MoveNext()
	ErrorCode: failed_to_acquire_token_silently
    devenv.exe Information: 0 : 09-03-2018 05:19:43: 69bf4437-6678-483a-86b0-25706e65aa74 - AcquireTokenHandlerBase: === Token Acquisition started:
	Authority: https://login.microsoftonline.com/f8cdef31-a31e-4b4a-93e4-5f571e91255a/
	Resource: https://management.core.windows.net/
	ClientId: 872cd9fa-d31f-45e0-9eab-6e460a02d1f1
	CacheType: Microsoft.VisualStudio.Services.Client.AccountManagement.AccountManagerAdalCache (2 items)
	Authentication Target: User
	
    devenv.exe Information: 0 : 09-03-2018 05:19:43: 69bf4437-6678-483a-86b0-25706e65aa74 - TokenCache: Looking up cache for a token...
    devenv.exe Information: 0 : 09-03-2018 05:19:43: 69bf4437-6678-483a-86b0-25706e65aa74 - TokenCache: An item matching the requested resource was found in the cache
    devenv.exe Information: 0 : 09-03-2018 05:19:43: 69bf4437-6678-483a-86b0-25706e65aa74 - TokenCache: An expired or near expiry token was found in the cache
    devenv.exe Information: 0 : 09-03-2018 05:19:43: 69bf4437-6678-483a-86b0-25706e65aa74 - TokenCache: A matching item (access token or refresh token or both) was found in the cache
    devenv.exe Information: 0 : 09-03-2018 05:19:43: 69bf4437-6678-483a-86b0-25706e65aa74 - <RefreshAccessTokenAsync>d__11: Refreshing access token...
    devenv.exe Information: 0 : 09-03-2018 05:19:43: 69bf4437-6678-483a-86b0-25706e65aa74 - AcquireTokenSilentHandler: No token matching arguments found in the cache
    devenv.exe Error: 0 : 09-03-2018 05:19:43: 69bf4437-6678-483a-86b0-25706e65aa74 - <RunAsync>d__0: Microsoft.IdentityModel.Clients.ActiveDirectory.AdalSilentTokenAcquisitionException: Failed to acquire token silently. Call method AcquireToken
   at Microsoft.IdentityModel.Clients.ActiveDirectory.AcquireTokenSilentHandler.SendTokenRequestAsync()
   at Microsoft.IdentityModel.Clients.ActiveDirectory.AcquireTokenHandlerBase.<RunAsync>d__0.MoveNext()
	ErrorCode: failed_to_acquire_token_silently
